<?xml version="1.0" encoding="UTF-8"?>
<!-- Generated by org.testng.reporters.JUnitReportReporter -->
<testsuite skipped="2" hostname="DESKTOP-9OT0PJO" name="test.TestBase" tests="3" failures="0" timestamp="14 Mar 2018 10:27:35 GMT" time="0.000" errors="1">
  <testcase name="setUp" time="0.000" classname="test.TestBase">
    <error type="org.testng.TestNGException" message="
Parameter &#039;configuration&#039; is required by BeforeSuite on method setUp but has not been marked @Optional or defined
in C:\Users\Jay\AppData\Local\Temp\testng-eclipse-833165238\testng-customsuite.xml">
      <![CDATA[org.testng.TestNGException: Parameter 'configuration' is required by BeforeSuite on method setUp but has not been marked @Optional or definedin C:\Users\Jay\AppData\Local\Temp\testng-eclipse-833165238\testng-customsuite.xmlat org.testng.internal.Parameters.createParams(Parameters.java:290)at org.testng.internal.Parameters.createParametersForMethod(Parameters.java:359)at org.testng.internal.Parameters.createParameters(Parameters.java:620)at org.testng.internal.Parameters.createConfigurationParameters(Parameters.java:190)at org.testng.internal.Invoker.invokeConfigurations(Invoker.java:209)at org.testng.internal.Invoker.invokeConfigurations(Invoker.java:142)at org.testng.SuiteRunner.privateRun(SuiteRunner.java:401)at org.testng.SuiteRunner.run(SuiteRunner.java:364)at org.testng.SuiteRunnerWorker.runSuite(SuiteRunnerWorker.java:52)at org.testng.SuiteRunnerWorker.run(SuiteRunnerWorker.java:84)at org.testng.TestNG.runSuitesSequentially(TestNG.java:1187)at org.testng.TestNG.runSuitesLocally(TestNG.java:1116)at org.testng.TestNG.runSuites(TestNG.java:1028)at org.testng.TestNG.run(TestNG.java:996)at org.testng.remote.AbstractRemoteTestNG.run(AbstractRemoteTestNG.java:114)at org.testng.remote.RemoteTestNG.initAndRun(RemoteTestNG.java:251)at org.testng.remote.RemoteTestNG.main(RemoteTestNG.java:77)]]>
    </error>
  </testcase> <!-- setUp -->
  <testcase name="launchBrowser" time="0.000" classname="test.TestBase">
    <skipped/>
  </testcase> <!-- launchBrowser -->
  <testcase name="Login" time="0.000" classname="test.TestBase">
    <skipped/>
  </testcase> <!-- Login -->
</testsuite> <!-- test.TestBase -->
